thread 'main' panicked at 'assertion failed: `(1 + 1) == (4)`
1 + 1: `2`,
    4: `4`', $DIR/test-panic-abort-nocapture.rs:32:5
note: run with `RUST_BACKTRACE=1` environment variable to display a backtrace
thread 'main' panicked at 'assertion failed: `(1 + 1) == (4)`
1 + 1: `2`,
    4: `4`', $DIR/test-panic-abort-nocapture.rs:26:5
note: run with `RUST_BACKTRACE=1` environment variable to display a backtrace
testing321
